<?xml version="1.0" encoding="UTF-8"?>
<!-- Generated by org.testng.reporters.JUnitReportReporter -->
<testsuite hostname="DESKTOP-ECJ8H0M" failures="0" tests="1" name="tests.TC_002_Login" time="4.880" errors="0" timestamp="2023-11-25T16:08:06 IST" skipped="0">
  <testcase classname="tests.TC_002_Login" name="login" time="4.880"/>
</testsuite> <!-- tests.TC_002_Login -->
