<?xml version="1.0" encoding="UTF-8"?>
<!-- Generated by org.testng.reporters.JUnitReportReporter -->
<testsuite hostname="DESKTOP-ECJ8H0M" failures="0" tests="3" name="tests.TC_003_LoginDDT" time="34.259" errors="0" timestamp="2023-11-25T20:19:40 IST" skipped="0">
  <testcase classname="tests.TC_003_LoginDDT" name="Login_dataDriven" time="14.407"/>
  <testcase classname="tests.TC_003_LoginDDT" name="Login_dataDriven" time="14.286"/>
  <testcase classname="tests.TC_003_LoginDDT" name="Login_dataDriven" time="5.566"/>
</testsuite> <!-- tests.TC_003_LoginDDT -->
