<?xml version="1.0" encoding="UTF-8"?>
<!-- Generated by org.testng.reporters.JUnitReportReporter -->
<testsuite hostname="DESKTOP-ECJ8H0M" failures="0" tests="1" name="tests.TC_001_AccountRegistration" time="4.384" errors="0" timestamp="2023-11-25T20:19:40 IST" skipped="0">
  <testcase classname="tests.TC_001_AccountRegistration" name="registerAccount" time="4.384"/>
</testsuite> <!-- tests.TC_001_AccountRegistration -->
